0 info it worked if it ends with ok
1 verbose cli [ '/home/fermuch/.nvm/versions/node/v5.10.0/bin/node',
1 verbose cli   '/home/fermuch/.nvm/versions/node/v5.10.0/bin/npm',
1 verbose cli   'run',
1 verbose cli   'lint' ]
2 info using npm@3.10.5
3 info using node@v5.10.0
4 verbose run-script [ 'prelint', 'lint', 'postlint' ]
5 info lifecycle example@1.0.0~prelint: example@1.0.0
6 silly lifecycle example@1.0.0~prelint: no script for prelint, continuing
7 info lifecycle example@1.0.0~lint: example@1.0.0
8 verbose lifecycle example@1.0.0~lint: unsafe-perm in lifecycle true
9 verbose lifecycle example@1.0.0~lint: PATH: /home/fermuch/.nvm/versions/node/v5.10.0/lib/node_modules/npm/bin/node-gyp-bin:/home/fermuch/Documentos/Dev/Git/simple-react-form-examples/node_modules/.bin:/home/fermuch/.nvm/versions/node/v5.10.0/bin:/home/fermuch/.nvm/versions/node/v5.10.0/bin:/usr/local/bin:/usr/bin:/bin:/opt/bin:/usr/x86_64-pc-linux-gnu/gcc-bin/4.9.3:/opt/android-sdk-update-manager/tools:/opt/android-sdk-update-manager/platform-tools:/usr/lib64/subversion/bin:/usr/games/bin:/home/fermuch/.rvm/bin:/home/fermuch/.rvm/bin:/home/fermuch/.bin/:/usr/local/heroku/bin:/opt/android-sdk-update-manager/tools/:/home/fermuch/.subuser/bin/:/home/fermuch/.go/bin/:/home/fermuch/.google/google-cloud-sdk/bin/:/home/fermuch/.odrive-agent/bin/:/usr/share/google-cloud-sdk/bin/:/opt/genymobile/genymotion/:/home/fermuch/.gem/ruby/2.2.0/bin/:/usr/lib64/lua/luarocks/bin/:/home/fermuch/.go
10 verbose lifecycle example@1.0.0~lint: CWD: /home/fermuch/Documentos/Dev/Git/simple-react-form-examples
11 silly lifecycle example@1.0.0~lint: Args: [ '-c',
11 silly lifecycle   'eslint ./client ./imports --ext .js --ext .jsx --fix -c .eslintrc.json' ]
12 silly lifecycle example@1.0.0~lint: Returned: code: 1  signal: null
13 info lifecycle example@1.0.0~lint: Failed to exec lint script
14 verbose stack Error: example@1.0.0 lint: `eslint ./client ./imports --ext .js --ext .jsx --fix -c .eslintrc.json`
14 verbose stack Exit status 1
14 verbose stack     at EventEmitter.<anonymous> (/home/fermuch/.nvm/versions/node/v5.10.0/lib/node_modules/npm/lib/utils/lifecycle.js:242:16)
14 verbose stack     at emitTwo (events.js:100:13)
14 verbose stack     at EventEmitter.emit (events.js:185:7)
14 verbose stack     at ChildProcess.<anonymous> (/home/fermuch/.nvm/versions/node/v5.10.0/lib/node_modules/npm/lib/utils/spawn.js:40:14)
14 verbose stack     at emitTwo (events.js:100:13)
14 verbose stack     at ChildProcess.emit (events.js:185:7)
14 verbose stack     at maybeClose (internal/child_process.js:850:16)
14 verbose stack     at Process.ChildProcess._handle.onexit (internal/child_process.js:215:5)
15 verbose pkgid example@1.0.0
16 verbose cwd /home/fermuch/Documentos/Dev/Git/simple-react-form-examples
17 error Linux 4.5.2-1
18 error argv "/home/fermuch/.nvm/versions/node/v5.10.0/bin/node" "/home/fermuch/.nvm/versions/node/v5.10.0/bin/npm" "run" "lint"
19 error node v5.10.0
20 error npm  v3.10.5
21 error code ELIFECYCLE
22 error example@1.0.0 lint: `eslint ./client ./imports --ext .js --ext .jsx --fix -c .eslintrc.json`
22 error Exit status 1
23 error Failed at the example@1.0.0 lint script 'eslint ./client ./imports --ext .js --ext .jsx --fix -c .eslintrc.json'.
23 error Make sure you have the latest version of node.js and npm installed.
23 error If you do, this is most likely a problem with the example package,
23 error not with npm itself.
23 error Tell the author that this fails on your system:
23 error     eslint ./client ./imports --ext .js --ext .jsx --fix -c .eslintrc.json
23 error You can get information on how to open an issue for this project with:
23 error     npm bugs example
23 error Or if that isn't available, you can get their info via:
23 error     npm owner ls example
23 error There is likely additional logging output above.
24 verbose exit [ 1, true ]
